policia_secreta_app/android/app/build/intermediates/manifest_merge_blame_file/release/manifest-merger-blame-release-report.txt
1<?xml version="1.0" encoding="utf-8"?>
2<manifest xmlns:android="http://schemas.android.com/apk/res/android"
3    package="com.example.policia_secreta_app"
4    android:versionCode="1"
5    android:versionName="1.0.0" >
6
7    <uses-sdk
8        android:minSdkVersion="21"
8-->src\main\AndroidManifest.xml
9        android:targetSdkVersion="34" />
9-->src\main\AndroidManifest.xml
10    <!--
11         Required to query activities that can process text, see:
12         https://developer.android.com/training/package-visibility and
13         https://developer.android.com/reference/android/content/Intent#ACTION_PROCESS_TEXT.
14
15         In particular, this is used by the Flutter engine in io.flutter.plugin.text.ProcessTextPlugin.
16    -->
17    <queries>
17-->src\main\AndroidManifest.xml:39:5-44:15
18        <intent>
18-->src\main\AndroidManifest.xml:40:9-43:18
19            <action android:name="android.intent.action.PROCESS_TEXT" />
19-->src\main\AndroidManifest.xml:41:13-72
19-->src\main\AndroidManifest.xml:41:21-70
20
21            <data android:mimeType="text/plain" />
21-->src\main\AndroidManifest.xml:42:13-50
21-->src\main\AndroidManifest.xml:42:19-48
22        </intent>
23        <intent>
23-->[androidx.media:media:1.4.1] AndroidManifest.xml:25:9-27:18
24            <action android:name="android.media.browse.MediaBrowserService" />
24-->[androidx.media:media:1.4.1] AndroidManifest.xml:26:13-79
24-->[androidx.media:media:1.4.1] AndroidManifest.xml:26:21-76
25        </intent>
26    </queries>
27
28    <uses-permission android:name="android.permission.BLUETOOTH" />
28-->[com.github.canardoux:flutter_sound_core:9.8.1] AndroidManifest.xml:11:5-68
28-->[com.github.canardoux:flutter_sound_core:9.8.1] AndroidManifest.xml:11:22-65
29    <uses-permission android:name="android.permission.WAKE_LOCK" />
29-->[com.github.canardoux:flutter_sound_core:9.8.1] AndroidManifest.xml:12:5-68
29-->[com.github.canardoux:flutter_sound_core:9.8.1] AndroidManifest.xml:12:22-65
30    <uses-permission android:name="android.permission.MODIFY_AUDIO_SETTINGS" />
30-->[com.github.canardoux:flutter_sound_core:9.8.1] AndroidManifest.xml:13:5-80
30-->[com.github.canardoux:flutter_sound_core:9.8.1] AndroidManifest.xml:13:22-77
31
32    <permission
32-->[androidx.core:core:1.13.1] AndroidManifest.xml:22:5-24:47
33        android:name="com.example.policia_secreta_app.DYNAMIC_RECEIVER_NOT_EXPORTED_PERMISSION"
33-->[androidx.core:core:1.13.1] AndroidManifest.xml:23:9-81
34        android:protectionLevel="signature" />
34-->[androidx.core:core:1.13.1] AndroidManifest.xml:24:9-44
35
36    <uses-permission android:name="com.example.policia_secreta_app.DYNAMIC_RECEIVER_NOT_EXPORTED_PERMISSION" />
36-->[androidx.core:core:1.13.1] AndroidManifest.xml:26:5-97
36-->[androidx.core:core:1.13.1] AndroidManifest.xml:26:22-94
37
38    <application
39        android:name="android.app.Application"
39-->src\main\AndroidManifest.xml:4:9-42
40        android:appComponentFactory="androidx.core.app.CoreComponentFactory"
40-->[androidx.core:core:1.13.1] AndroidManifest.xml:28:18-86
41        android:icon="@mipmap/ic_launcher"
41-->src\main\AndroidManifest.xml:5:9-43
42        android:label="policia_secreta_app" >
42-->src\main\AndroidManifest.xml:3:9-44
43        <activity
43-->src\main\AndroidManifest.xml:6:9-27:20
44            android:name="com.example.policia_secreta_app.MainActivity"
44-->src\main\AndroidManifest.xml:7:13-41
45            android:configChanges="orientation|keyboardHidden|keyboard|screenSize|smallestScreenSize|locale|layoutDirection|fontScale|screenLayout|density|uiMode"
45-->src\main\AndroidManifest.xml:12:13-163
46            android:exported="true"
46-->src\main\AndroidManifest.xml:8:13-36
47            android:hardwareAccelerated="true"
47-->src\main\AndroidManifest.xml:13:13-47
48            android:launchMode="singleTop"
48-->src\main\AndroidManifest.xml:9:13-43
49            android:taskAffinity=""
49-->src\main\AndroidManifest.xml:10:13-36
50            android:theme="@style/LaunchTheme"
50-->src\main\AndroidManifest.xml:11:13-47
51            android:windowSoftInputMode="adjustResize" >
51-->src\main\AndroidManifest.xml:14:13-55
52
53            <!--
54                 Specifies an Android theme to apply to this Activity as soon as
55                 the Android process has started. This theme is visible to the user
56                 while the Flutter UI initializes. After that, this theme continues
57                 to determine the Window background behind the Flutter UI.
58            -->
59            <meta-data
59-->src\main\AndroidManifest.xml:19:13-22:17
60                android:name="io.flutter.embedding.android.NormalTheme"
60-->src\main\AndroidManifest.xml:20:15-70
61                android:resource="@style/NormalTheme" />
61-->src\main\AndroidManifest.xml:21:15-52
62
63            <intent-filter>
63-->src\main\AndroidManifest.xml:23:13-26:29
64                <action android:name="android.intent.action.MAIN" />
64-->src\main\AndroidManifest.xml:24:17-68
64-->src\main\AndroidManifest.xml:24:25-66
65
66                <category android:name="android.intent.category.LAUNCHER" />
66-->src\main\AndroidManifest.xml:25:17-76
66-->src\main\AndroidManifest.xml:25:27-74
67            </intent-filter>
68        </activity>
69        <!--
70             Don't delete the meta-data below.
71             This is used by the Flutter tool to generate GeneratedPluginRegistrant.java
72        -->
73        <meta-data
73-->src\main\AndroidManifest.xml:30:9-32:33
74            android:name="flutterEmbedding"
74-->src\main\AndroidManifest.xml:31:13-44
75            android:value="2" />
75-->src\main\AndroidManifest.xml:32:13-30
76
77        <provider
77-->[:image_picker_android] AndroidManifest.xml:11:9-19:20
78            android:name="io.flutter.plugins.imagepicker.ImagePickerFileProvider"
78-->[:image_picker_android] AndroidManifest.xml:12:13-82
79            android:authorities="com.example.policia_secreta_app.flutter.image_provider"
79-->[:image_picker_android] AndroidManifest.xml:13:13-74
80            android:exported="false"
80-->[:image_picker_android] AndroidManifest.xml:14:13-37
81            android:grantUriPermissions="true" >
81-->[:image_picker_android] AndroidManifest.xml:15:13-47
82            <meta-data
82-->[:image_picker_android] AndroidManifest.xml:16:13-18:75
83                android:name="android.support.FILE_PROVIDER_PATHS"
83-->[:image_picker_android] AndroidManifest.xml:17:17-67
84                android:resource="@xml/flutter_image_picker_file_paths" />
84-->[:image_picker_android] AndroidManifest.xml:18:17-72
85        </provider> <!-- Trigger Google Play services to install the backported photo picker module. -->
86        <service
86-->[:image_picker_android] AndroidManifest.xml:21:9-33:19
87            android:name="com.google.android.gms.metadata.ModuleDependencies"
87-->[:image_picker_android] AndroidManifest.xml:22:13-78
88            android:enabled="false"
88-->[:image_picker_android] AndroidManifest.xml:23:13-36
89            android:exported="false" >
89-->[:image_picker_android] AndroidManifest.xml:24:13-37
90            <intent-filter>
90-->[:image_picker_android] AndroidManifest.xml:26:13-28:29
91                <action android:name="com.google.android.gms.metadata.MODULE_DEPENDENCIES" />
91-->[:image_picker_android] AndroidManifest.xml:27:17-94
91-->[:image_picker_android] AndroidManifest.xml:27:25-91
92            </intent-filter>
93
94            <meta-data
94-->[:image_picker_android] AndroidManifest.xml:30:13-32:36
95                android:name="photopicker_activity:0:required"
95-->[:image_picker_android] AndroidManifest.xml:31:17-63
96                android:value="" />
96-->[:image_picker_android] AndroidManifest.xml:32:17-33
97        </service>
98
99        <uses-library
99-->[androidx.window:window:1.0.0-beta04] AndroidManifest.xml:25:9-27:40
100            android:name="androidx.window.extensions"
100-->[androidx.window:window:1.0.0-beta04] AndroidManifest.xml:26:13-54
101            android:required="false" />
101-->[androidx.window:window:1.0.0-beta04] AndroidManifest.xml:27:13-37
102        <uses-library
102-->[androidx.window:window:1.0.0-beta04] AndroidManifest.xml:28:9-30:40
103            android:name="androidx.window.sidecar"
103-->[androidx.window:window:1.0.0-beta04] AndroidManifest.xml:29:13-51
104            android:required="false" />
104-->[androidx.window:window:1.0.0-beta04] AndroidManifest.xml:30:13-37
105
106        <provider
106-->[androidx.profileinstaller:profileinstaller:1.3.0] AndroidManifest.xml:24:9-32:20
107            android:name="androidx.startup.InitializationProvider"
107-->[androidx.profileinstaller:profileinstaller:1.3.0] AndroidManifest.xml:25:13-67
108            android:authorities="com.example.policia_secreta_app.androidx-startup"
108-->[androidx.profileinstaller:profileinstaller:1.3.0] AndroidManifest.xml:26:13-68
109            android:exported="false" >
109-->[androidx.profileinstaller:profileinstaller:1.3.0] AndroidManifest.xml:27:13-37
110            <meta-data
110-->[androidx.profileinstaller:profileinstaller:1.3.0] AndroidManifest.xml:29:13-31:52
111                android:name="androidx.profileinstaller.ProfileInstallerInitializer"
111-->[androidx.profileinstaller:profileinstaller:1.3.0] AndroidManifest.xml:30:17-85
112                android:value="androidx.startup" />
112-->[androidx.profileinstaller:profileinstaller:1.3.0] AndroidManifest.xml:31:17-49
113        </provider>
114
115        <receiver
115-->[androidx.profileinstaller:profileinstaller:1.3.0] AndroidManifest.xml:34:9-52:20
116            android:name="androidx.profileinstaller.ProfileInstallReceiver"
116-->[androidx.profileinstaller:profileinstaller:1.3.0] AndroidManifest.xml:35:13-76
117            android:directBootAware="false"
117-->[androidx.profileinstaller:profileinstaller:1.3.0] AndroidManifest.xml:36:13-44
118            android:enabled="true"
118-->[androidx.profileinstaller:profileinstaller:1.3.0] AndroidManifest.xml:37:13-35
119            android:exported="true"
119-->[androidx.profileinstaller:profileinstaller:1.3.0] AndroidManifest.xml:38:13-36
120            android:permission="android.permission.DUMP" >
120-->[androidx.profileinstaller:profileinstaller:1.3.0] AndroidManifest.xml:39:13-57
121            <intent-filter>
121-->[androidx.profileinstaller:profileinstaller:1.3.0] AndroidManifest.xml:40:13-42:29
122                <action android:name="androidx.profileinstaller.action.INSTALL_PROFILE" />
122-->[androidx.profileinstaller:profileinstaller:1.3.0] AndroidManifest.xml:41:17-91
122-->[androidx.profileinstaller:profileinstaller:1.3.0] AndroidManifest.xml:41:25-88
123            </intent-filter>
124            <intent-filter>
124-->[androidx.profileinstaller:profileinstaller:1.3.0] AndroidManifest.xml:43:13-45:29
125                <action android:name="androidx.profileinstaller.action.SKIP_FILE" />
125-->[androidx.profileinstaller:profileinstaller:1.3.0] AndroidManifest.xml:44:17-85
125-->[androidx.profileinstaller:profileinstaller:1.3.0] AndroidManifest.xml:44:25-82
126            </intent-filter>
127            <intent-filter>
127-->[androidx.profileinstaller:profileinstaller:1.3.0] AndroidManifest.xml:46:13-48:29
128                <action android:name="androidx.profileinstaller.action.SAVE_PROFILE" />
128-->[androidx.profileinstaller:profileinstaller:1.3.0] AndroidManifest.xml:47:17-88
128-->[androidx.profileinstaller:profileinstaller:1.3.0] AndroidManifest.xml:47:25-85
129            </intent-filter>
130            <intent-filter>
130-->[androidx.profileinstaller:profileinstaller:1.3.0] AndroidManifest.xml:49:13-51:29
131                <action android:name="androidx.profileinstaller.action.BENCHMARK_OPERATION" />
131-->[androidx.profileinstaller:profileinstaller:1.3.0] AndroidManifest.xml:50:17-95
131-->[androidx.profileinstaller:profileinstaller:1.3.0] AndroidManifest.xml:50:25-92
132            </intent-filter>
133        </receiver>
134    </application>
135
136</manifest>